<?xml version="1.0" encoding="UTF-8"?>
<!-- Generated by org.testng.reporters.JUnitReportReporter -->
<testsuite hostname="Betuls-Laptop" failures="0" tests="3" name="com.neotech.testcases.AddEmployeeTest" time="96.285" errors="0" timestamp="2024-09-12T11:56:36 MDT" skipped="0">
  <testcase classname="com.neotech.testcases.AddEmployeeTest" name="AddEmployee" time="34.181"/>
  <testcase classname="com.neotech.testcases.AddEmployeeTest" name="AddEmployee" time="32.013"/>
  <testcase classname="com.neotech.testcases.AddEmployeeTest" name="AddEmployee" time="30.091"/>
</testsuite> <!-- com.neotech.testcases.AddEmployeeTest -->
