<?xml version="1.0" encoding="UTF-8"?>
<!-- Generated by org.testng.reporters.JUnitReportReporter -->
<testsuite hostname="Betuls-Laptop" failures="0" tests="3" name="com.neotech.review.DataProviderDemo" time="0.013" errors="0" timestamp="2024-09-17T13:26:10 MDT" skipped="0">
  <testcase classname="com.neotech.review.DataProviderDemo" name="printInformation" time="0.010"/>
  <testcase classname="com.neotech.review.DataProviderDemo" name="printInformation" time="0.002"/>
  <testcase classname="com.neotech.review.DataProviderDemo" name="printInformation" time="0.001"/>
</testsuite> <!-- com.neotech.review.DataProviderDemo -->
